{"C:\\Users\\vinip\\OneDrive\\Área de Trabalho\\Labeddit-Back-End\\src\\type.ts": {"path":"C:\\Users\\vinip\\OneDrive\\Área de Trabalho\\Labeddit-Back-End\\src\\type.ts","statementMap":{"0":{"start":{"line":1,"column":0},"end":{"line":1,"column":null}},"1":{"start":{"line":2,"column":4},"end":{"line":2,"column":null}},"2":{"start":{"line":3,"column":4},"end":{"line":3,"column":null}},"3":{"start":{"line":59,"column":0},"end":{"line":59,"column":null}},"4":{"start":{"line":60,"column":4},"end":{"line":60,"column":null}},"5":{"start":{"line":61,"column":4},"end":{"line":61,"column":null}},"6":{"start":{"line":113,"column":0},"end":{"line":113,"column":null}},"7":{"start":{"line":114,"column":4},"end":{"line":114,"column":null}},"8":{"start":{"line":115,"column":4},"end":{"line":115,"column":null}},"9":{"start":{"line":118,"column":0},"end":{"line":118,"column":null}},"10":{"start":{"line":119,"column":4},"end":{"line":119,"column":null}}},"fnMap":{"0":{"name":"(anonymous_0)","decl":{"start":{"line":1,"column":0},"end":{"line":1,"column":13}},"loc":{"start":{"line":1,"column":23},"end":{"line":4,"column":1}}},"1":{"name":"(anonymous_1)","decl":{"start":{"line":59,"column":0},"end":{"line":59,"column":12}},"loc":{"start":{"line":59,"column":21},"end":{"line":62,"column":1}}},"2":{"name":"(anonymous_2)","decl":{"start":{"line":113,"column":0},"end":{"line":113,"column":12}},"loc":{"start":{"line":113,"column":22},"end":{"line":116,"column":1}}},"3":{"name":"(anonymous_3)","decl":{"start":{"line":118,"column":0},"end":{"line":118,"column":12}},"loc":{"start":{"line":118,"column":24},"end":{"line":121,"column":1}}}},"branchMap":{"0":{"loc":{"start":{"line":1,"column":13},"end":{"line":1,"column":null}},"type":"binary-expr","locations":[{"start":{"line":1,"column":13},"end":{"line":1,"column":23}},{"start":{"line":1,"column":13},"end":{"line":1,"column":null}}]},"1":{"loc":{"start":{"line":59,"column":12},"end":{"line":59,"column":null}},"type":"binary-expr","locations":[{"start":{"line":59,"column":12},"end":{"line":59,"column":21}},{"start":{"line":59,"column":12},"end":{"line":59,"column":null}}]},"2":{"loc":{"start":{"line":113,"column":12},"end":{"line":113,"column":null}},"type":"binary-expr","locations":[{"start":{"line":113,"column":12},"end":{"line":113,"column":22}},{"start":{"line":113,"column":12},"end":{"line":113,"column":null}}]},"3":{"loc":{"start":{"line":118,"column":12},"end":{"line":118,"column":null}},"type":"binary-expr","locations":[{"start":{"line":118,"column":12},"end":{"line":118,"column":24}},{"start":{"line":118,"column":12},"end":{"line":118,"column":null}}]}},"s":{"0":2,"1":2,"2":2,"3":2,"4":2,"5":2,"6":2,"7":2,"8":2,"9":2,"10":2},"f":{"0":2,"1":2,"2":2,"3":2},"b":{"0":[2,2],"1":[2,2],"2":[2,2],"3":[2,2]}}
,"C:\\Users\\vinip\\OneDrive\\Área de Trabalho\\Labeddit-Back-End\\src\\business\\UserBusiness.ts": {"path":"C:\\Users\\vinip\\OneDrive\\Área de Trabalho\\Labeddit-Back-End\\src\\business\\UserBusiness.ts","statementMap":{"0":{"start":{"line":3,"column":0},"end":{"line":3,"column":60}},"1":{"start":{"line":4,"column":0},"end":{"line":4,"column":56}},"2":{"start":{"line":5,"column":0},"end":{"line":5,"column":38}},"3":{"start":{"line":9,"column":0},"end":{"line":9,"column":59}},"4":{"start":{"line":13,"column":16},"end":{"line":13,"column":42}},"5":{"start":{"line":14,"column":16},"end":{"line":14,"column":40}},"6":{"start":{"line":15,"column":16},"end":{"line":15,"column":42}},"7":{"start":{"line":16,"column":16},"end":{"line":16,"column":40}},"8":{"start":{"line":19,"column":11},"end":{"line":65,"column":null}},"9":{"start":{"line":19,"column":78},"end":{"line":65,"column":null}},"10":{"start":{"line":20,"column":42},"end":{"line":20,"column":47}},"11":{"start":{"line":22,"column":8},"end":{"line":24,"column":null}},"12":{"start":{"line":23,"column":12},"end":{"line":23,"column":null}},"13":{"start":{"line":26,"column":8},"end":{"line":28,"column":null}},"14":{"start":{"line":27,"column":12},"end":{"line":27,"column":null}},"15":{"start":{"line":30,"column":8},"end":{"line":32,"column":null}},"16":{"start":{"line":31,"column":12},"end":{"line":31,"column":null}},"17":{"start":{"line":34,"column":19},"end":{"line":34,"column":46}},"18":{"start":{"line":35,"column":31},"end":{"line":35,"column":68}},"19":{"start":{"line":36,"column":21},"end":{"line":36,"column":38}},"20":{"start":{"line":37,"column":26},"end":{"line":37,"column":50}},"21":{"start":{"line":39,"column":24},"end":{"line":45,"column":null}},"22":{"start":{"line":48,"column":23},"end":{"line":48,"column":42}},"23":{"start":{"line":50,"column":8},"end":{"line":50,"column":null}},"24":{"start":{"line":52,"column":38},"end":{"line":56,"column":null}},"25":{"start":{"line":58,"column":22},"end":{"line":58,"column":60}},"26":{"start":{"line":60,"column":40},"end":{"line":62,"column":null}},"27":{"start":{"line":64,"column":8},"end":{"line":64,"column":null}},"28":{"start":{"line":67,"column":11},"end":{"line":115,"column":null}},"29":{"start":{"line":67,"column":75},"end":{"line":115,"column":null}},"30":{"start":{"line":68,"column":36},"end":{"line":68,"column":41}},"31":{"start":{"line":70,"column":8},"end":{"line":72,"column":null}},"32":{"start":{"line":71,"column":12},"end":{"line":71,"column":null}},"33":{"start":{"line":74,"column":8},"end":{"line":76,"column":null}},"34":{"start":{"line":75,"column":12},"end":{"line":75,"column":null}},"35":{"start":{"line":78,"column":43},"end":{"line":78,"column":85}},"36":{"start":{"line":80,"column":8},"end":{"line":82,"column":null}},"37":{"start":{"line":81,"column":12},"end":{"line":81,"column":null}},"38":{"start":{"line":84,"column":21},"end":{"line":90,"column":null}},"39":{"start":{"line":93,"column":31},"end":{"line":93,"column":49}},"40":{"start":{"line":95,"column":34},"end":{"line":96,"column":46}},"41":{"start":{"line":98,"column":8},"end":{"line":100,"column":null}},"42":{"start":{"line":99,"column":12},"end":{"line":99,"column":null}},"43":{"start":{"line":102,"column":38},"end":{"line":106,"column":null}},"44":{"start":{"line":108,"column":22},"end":{"line":108,"column":60}},"45":{"start":{"line":110,"column":39},"end":{"line":112,"column":null}},"46":{"start":{"line":114,"column":8},"end":{"line":114,"column":null}},"47":{"start":{"line":11,"column":0},"end":{"line":11,"column":13}}},"fnMap":{"0":{"name":"(anonymous_7)","decl":{"start":{"line":12,"column":4},"end":{"line":12,"column":null}},"loc":{"start":{"line":16,"column":40},"end":{"line":17,"column":8}}},"1":{"name":"(anonymous_8)","decl":{"start":{"line":19,"column":20},"end":{"line":19,"column":27}},"loc":{"start":{"line":19,"column":78},"end":{"line":65,"column":null}}},"2":{"name":"(anonymous_9)","decl":{"start":{"line":19,"column":78},"end":{"line":19,"column":null}},"loc":{"start":{"line":19,"column":78},"end":{"line":65,"column":5}}},"3":{"name":"(anonymous_10)","decl":{"start":{"line":67,"column":19},"end":{"line":67,"column":26}},"loc":{"start":{"line":67,"column":75},"end":{"line":115,"column":null}}},"4":{"name":"(anonymous_11)","decl":{"start":{"line":67,"column":75},"end":{"line":67,"column":null}},"loc":{"start":{"line":67,"column":75},"end":{"line":115,"column":5}}}},"branchMap":{"0":{"loc":{"start":{"line":22,"column":8},"end":{"line":24,"column":null}},"type":"if","locations":[{"start":{"line":22,"column":8},"end":{"line":24,"column":null}}]},"1":{"loc":{"start":{"line":26,"column":8},"end":{"line":28,"column":null}},"type":"if","locations":[{"start":{"line":26,"column":8},"end":{"line":28,"column":null}}]},"2":{"loc":{"start":{"line":30,"column":8},"end":{"line":32,"column":null}},"type":"if","locations":[{"start":{"line":30,"column":8},"end":{"line":32,"column":null}}]},"3":{"loc":{"start":{"line":70,"column":8},"end":{"line":72,"column":null}},"type":"if","locations":[{"start":{"line":70,"column":8},"end":{"line":72,"column":null}}]},"4":{"loc":{"start":{"line":74,"column":8},"end":{"line":76,"column":null}},"type":"if","locations":[{"start":{"line":74,"column":8},"end":{"line":76,"column":null}}]},"5":{"loc":{"start":{"line":80,"column":8},"end":{"line":82,"column":null}},"type":"if","locations":[{"start":{"line":80,"column":8},"end":{"line":82,"column":null}}]},"6":{"loc":{"start":{"line":98,"column":8},"end":{"line":100,"column":null}},"type":"if","locations":[{"start":{"line":98,"column":8},"end":{"line":100,"column":null}}]}},"s":{"0":2,"1":2,"2":2,"3":2,"4":2,"5":2,"6":2,"7":2,"8":2,"9":1,"10":1,"11":1,"12":0,"13":1,"14":0,"15":1,"16":0,"17":1,"18":1,"19":1,"20":1,"21":1,"22":1,"23":1,"24":1,"25":1,"26":1,"27":1,"28":2,"29":2,"30":2,"31":2,"32":0,"33":2,"34":0,"35":2,"36":2,"37":0,"38":2,"39":2,"40":2,"41":2,"42":0,"43":2,"44":2,"45":2,"46":2,"47":2},"f":{"0":2,"1":1,"2":1,"3":2,"4":2},"b":{"0":[0],"1":[0],"2":[0],"3":[0],"4":[0],"5":[0],"6":[0]}}
,"C:\\Users\\vinip\\OneDrive\\Área de Trabalho\\Labeddit-Back-End\\src\\database\\BaseDatabase.ts": {"path":"C:\\Users\\vinip\\OneDrive\\Área de Trabalho\\Labeddit-Back-End\\src\\database\\BaseDatabase.ts","statementMap":{"0":{"start":{"line":1,"column":0},"end":{"line":1,"column":27}},"1":{"start":{"line":2,"column":0},"end":{"line":2,"column":27}},"2":{"start":{"line":4,"column":0},"end":{"line":4,"column":null}},"3":{"start":{"line":6,"column":0},"end":{"line":6,"column":22}},"4":{"start":{"line":7,"column":21},"end":{"line":20,"column":null}},"5":{"start":{"line":17,"column":16},"end":{"line":17,"column":null}}},"fnMap":{"0":{"name":"(anonymous_1)","decl":{"start":{"line":16,"column":25},"end":{"line":16,"column":26}},"loc":{"start":{"line":16,"column":48},"end":{"line":18,"column":13}}}},"branchMap":{},"s":{"0":2,"1":2,"2":2,"3":2,"4":2,"5":0},"f":{"0":0},"b":{}}
,"C:\\Users\\vinip\\OneDrive\\Área de Trabalho\\Labeddit-Back-End\\src\\errors\\BadRequestError.ts": {"path":"C:\\Users\\vinip\\OneDrive\\Área de Trabalho\\Labeddit-Back-End\\src\\errors\\BadRequestError.ts","statementMap":{"0":{"start":{"line":1,"column":0},"end":{"line":1,"column":40}},"1":{"start":{"line":7,"column":8},"end":{"line":7,"column":null}},"2":{"start":{"line":3,"column":0},"end":{"line":3,"column":13}}},"fnMap":{"0":{"name":"(anonymous_0)","decl":{"start":{"line":4,"column":4},"end":{"line":4,"column":null}},"loc":{"start":{"line":5,"column":47},"end":{"line":8,"column":5}}}},"branchMap":{"0":{"loc":{"start":{"line":5,"column":8},"end":{"line":5,"column":47}},"type":"default-arg","locations":[{"start":{"line":5,"column":26},"end":{"line":5,"column":47}}]}},"s":{"0":2,"1":0,"2":2},"f":{"0":0},"b":{"0":[0]}}
,"C:\\Users\\vinip\\OneDrive\\Área de Trabalho\\Labeddit-Back-End\\src\\errors\\BaseError.ts": {"path":"C:\\Users\\vinip\\OneDrive\\Área de Trabalho\\Labeddit-Back-End\\src\\errors\\BaseError.ts","statementMap":{"0":{"start":{"line":6,"column":8},"end":{"line":6,"column":null}},"1":{"start":{"line":3,"column":15},"end":{"line":3,"column":33}},"2":{"start":{"line":1,"column":0},"end":{"line":1,"column":22}}},"fnMap":{"0":{"name":"(anonymous_0)","decl":{"start":{"line":2,"column":4},"end":{"line":2,"column":null}},"loc":{"start":{"line":4,"column":23},"end":{"line":7,"column":5}}}},"branchMap":{},"s":{"0":0,"1":0,"2":2},"f":{"0":0},"b":{}}
,"C:\\Users\\vinip\\OneDrive\\Área de Trabalho\\Labeddit-Back-End\\src\\errors\\NotFoundError.ts": {"path":"C:\\Users\\vinip\\OneDrive\\Área de Trabalho\\Labeddit-Back-End\\src\\errors\\NotFoundError.ts","statementMap":{"0":{"start":{"line":1,"column":0},"end":{"line":1,"column":40}},"1":{"start":{"line":7,"column":8},"end":{"line":7,"column":null}},"2":{"start":{"line":3,"column":0},"end":{"line":3,"column":13}}},"fnMap":{"0":{"name":"(anonymous_0)","decl":{"start":{"line":4,"column":4},"end":{"line":4,"column":null}},"loc":{"start":{"line":5,"column":50},"end":{"line":8,"column":5}}}},"branchMap":{"0":{"loc":{"start":{"line":5,"column":8},"end":{"line":5,"column":50}},"type":"default-arg","locations":[{"start":{"line":5,"column":26},"end":{"line":5,"column":50}}]}},"s":{"0":2,"1":0,"2":2},"f":{"0":0},"b":{"0":[0]}}
,"C:\\Users\\vinip\\OneDrive\\Área de Trabalho\\Labeddit-Back-End\\src\\models\\User.ts": {"path":"C:\\Users\\vinip\\OneDrive\\Área de Trabalho\\Labeddit-Back-End\\src\\models\\User.ts","statementMap":{"0":{"start":{"line":6,"column":8},"end":{"line":6,"column":18}},"1":{"start":{"line":7,"column":8},"end":{"line":7,"column":20}},"2":{"start":{"line":8,"column":8},"end":{"line":8,"column":21}},"3":{"start":{"line":9,"column":8},"end":{"line":9,"column":24}},"4":{"start":{"line":10,"column":8},"end":{"line":10,"column":24}},"5":{"start":{"line":11,"column":9},"end":{"line":11,"column":26}},"6":{"start":{"line":15,"column":4},"end":{"line":15,"column":null}},"7":{"start":{"line":18,"column":5},"end":{"line":18,"column":null}},"8":{"start":{"line":22,"column":4},"end":{"line":22,"column":null}},"9":{"start":{"line":25,"column":5},"end":{"line":25,"column":null}},"10":{"start":{"line":29,"column":4},"end":{"line":29,"column":null}},"11":{"start":{"line":32,"column":5},"end":{"line":32,"column":null}},"12":{"start":{"line":35,"column":4},"end":{"line":35,"column":null}},"13":{"start":{"line":38,"column":5},"end":{"line":38,"column":null}},"14":{"start":{"line":41,"column":4},"end":{"line":41,"column":null}},"15":{"start":{"line":44,"column":5},"end":{"line":44,"column":null}},"16":{"start":{"line":47,"column":4},"end":{"line":47,"column":null}},"17":{"start":{"line":50,"column":5},"end":{"line":50,"column":null}},"18":{"start":{"line":55,"column":4},"end":{"line":62,"column":null}},"19":{"start":{"line":66,"column":4},"end":{"line":73,"column":null}},"20":{"start":{"line":4,"column":0},"end":{"line":4,"column":13}}},"fnMap":{"0":{"name":"(anonymous_0)","decl":{"start":{"line":5,"column":4},"end":{"line":5,"column":null}},"loc":{"start":{"line":11,"column":26},"end":{"line":12,"column":9}}},"1":{"name":"(anonymous_1)","decl":{"start":{"line":14,"column":7},"end":{"line":14,"column":12}},"loc":{"start":{"line":14,"column":12},"end":{"line":16,"column":1}}},"2":{"name":"(anonymous_2)","decl":{"start":{"line":17,"column":7},"end":{"line":17,"column":12}},"loc":{"start":{"line":17,"column":25},"end":{"line":19,"column":1}}},"3":{"name":"(anonymous_3)","decl":{"start":{"line":21,"column":7},"end":{"line":21,"column":14}},"loc":{"start":{"line":21,"column":14},"end":{"line":23,"column":1}}},"4":{"name":"(anonymous_4)","decl":{"start":{"line":24,"column":7},"end":{"line":24,"column":14}},"loc":{"start":{"line":24,"column":27},"end":{"line":26,"column":1}}},"5":{"name":"(anonymous_5)","decl":{"start":{"line":28,"column":7},"end":{"line":28,"column":15}},"loc":{"start":{"line":28,"column":15},"end":{"line":30,"column":1}}},"6":{"name":"(anonymous_6)","decl":{"start":{"line":31,"column":7},"end":{"line":31,"column":15}},"loc":{"start":{"line":31,"column":28},"end":{"line":33,"column":1}}},"7":{"name":"(anonymous_7)","decl":{"start":{"line":34,"column":7},"end":{"line":34,"column":18}},"loc":{"start":{"line":34,"column":18},"end":{"line":36,"column":1}}},"8":{"name":"(anonymous_8)","decl":{"start":{"line":37,"column":7},"end":{"line":37,"column":18}},"loc":{"start":{"line":37,"column":31},"end":{"line":40,"column":1}}},"9":{"name":"(anonymous_9)","decl":{"start":{"line":40,"column":8},"end":{"line":40,"column":15}},"loc":{"start":{"line":40,"column":15},"end":{"line":42,"column":1}}},"10":{"name":"(anonymous_10)","decl":{"start":{"line":43,"column":7},"end":{"line":43,"column":14}},"loc":{"start":{"line":43,"column":31},"end":{"line":46,"column":1}}},"11":{"name":"(anonymous_11)","decl":{"start":{"line":46,"column":8},"end":{"line":46,"column":20}},"loc":{"start":{"line":46,"column":20},"end":{"line":48,"column":1}}},"12":{"name":"(anonymous_12)","decl":{"start":{"line":49,"column":7},"end":{"line":49,"column":19}},"loc":{"start":{"line":49,"column":32},"end":{"line":51,"column":1}}},"13":{"name":"(anonymous_13)","decl":{"start":{"line":54,"column":7},"end":{"line":54,"column":16}},"loc":{"start":{"line":54,"column":16},"end":{"line":63,"column":1}}},"14":{"name":"(anonymous_14)","decl":{"start":{"line":65,"column":7},"end":{"line":65,"column":22}},"loc":{"start":{"line":65,"column":22},"end":{"line":74,"column":1}}}},"branchMap":{},"s":{"0":3,"1":3,"2":3,"3":3,"4":3,"5":3,"6":3,"7":0,"8":3,"9":0,"10":0,"11":0,"12":2,"13":0,"14":3,"15":0,"16":0,"17":0,"18":1,"19":0,"20":2},"f":{"0":3,"1":3,"2":0,"3":3,"4":0,"5":0,"6":0,"7":2,"8":0,"9":3,"10":0,"11":0,"12":0,"13":1,"14":0},"b":{}}
,"C:\\Users\\vinip\\OneDrive\\Área de Trabalho\\Labeddit-Back-End\\tests\\mocks\\HashManagerMock.ts": {"path":"C:\\Users\\vinip\\OneDrive\\Área de Trabalho\\Labeddit-Back-End\\tests\\mocks\\HashManagerMock.ts","statementMap":{"0":{"start":{"line":2,"column":11},"end":{"line":8,"column":null}},"1":{"start":{"line":2,"column":63},"end":{"line":8,"column":null}},"2":{"start":{"line":3,"column":8},"end":{"line":5,"column":null}},"3":{"start":{"line":4,"column":12},"end":{"line":4,"column":null}},"4":{"start":{"line":7,"column":8},"end":{"line":7,"column":null}},"5":{"start":{"line":10,"column":11},"end":{"line":16,"column":null}},"6":{"start":{"line":10,"column":81},"end":{"line":16,"column":null}},"7":{"start":{"line":11,"column":8},"end":{"line":13,"column":null}},"8":{"start":{"line":12,"column":12},"end":{"line":12,"column":null}},"9":{"start":{"line":15,"column":8},"end":{"line":15,"column":null}},"10":{"start":{"line":1,"column":0},"end":{"line":1,"column":13}}},"fnMap":{"0":{"name":"(anonymous_7)","decl":{"start":{"line":1,"column":0},"end":{"line":1,"column":13}},"loc":{"start":{"line":1,"column":0},"end":{"line":17,"column":1}}},"1":{"name":"(anonymous_8)","decl":{"start":{"line":2,"column":18},"end":{"line":2,"column":25}},"loc":{"start":{"line":2,"column":63},"end":{"line":8,"column":null}}},"2":{"name":"(anonymous_9)","decl":{"start":{"line":2,"column":63},"end":{"line":2,"column":null}},"loc":{"start":{"line":2,"column":63},"end":{"line":8,"column":5}}},"3":{"name":"(anonymous_10)","decl":{"start":{"line":10,"column":21},"end":{"line":10,"column":28}},"loc":{"start":{"line":10,"column":81},"end":{"line":16,"column":null}}},"4":{"name":"(anonymous_11)","decl":{"start":{"line":10,"column":81},"end":{"line":10,"column":null}},"loc":{"start":{"line":10,"column":81},"end":{"line":16,"column":5}}}},"branchMap":{"0":{"loc":{"start":{"line":3,"column":8},"end":{"line":5,"column":null}},"type":"if","locations":[{"start":{"line":3,"column":8},"end":{"line":5,"column":null}}]},"1":{"loc":{"start":{"line":11,"column":8},"end":{"line":13,"column":null}},"type":"if","locations":[{"start":{"line":11,"column":8},"end":{"line":13,"column":null}}]},"2":{"loc":{"start":{"line":11,"column":12},"end":{"line":11,"column":64}},"type":"binary-expr","locations":[{"start":{"line":11,"column":12},"end":{"line":11,"column":36}},{"start":{"line":11,"column":40},"end":{"line":11,"column":64}}]}},"s":{"0":2,"1":1,"2":1,"3":1,"4":0,"5":2,"6":2,"7":2,"8":2,"9":0,"10":2},"f":{"0":2,"1":1,"2":1,"3":2,"4":2},"b":{"0":[1],"1":[2],"2":[2,2]}}
,"C:\\Users\\vinip\\OneDrive\\Área de Trabalho\\Labeddit-Back-End\\tests\\mocks\\IdGeneratorMock.ts": {"path":"C:\\Users\\vinip\\OneDrive\\Área de Trabalho\\Labeddit-Back-End\\tests\\mocks\\IdGeneratorMock.ts","statementMap":{"0":{"start":{"line":3,"column":8},"end":{"line":3,"column":null}},"1":{"start":{"line":1,"column":0},"end":{"line":1,"column":13}}},"fnMap":{"0":{"name":"(anonymous_0)","decl":{"start":{"line":2,"column":11},"end":{"line":2,"column":19}},"loc":{"start":{"line":2,"column":19},"end":{"line":4,"column":5}}}},"branchMap":{},"s":{"0":1,"1":2},"f":{"0":1},"b":{}}
,"C:\\Users\\vinip\\OneDrive\\Área de Trabalho\\Labeddit-Back-End\\tests\\mocks\\TokenManagerMock.ts": {"path":"C:\\Users\\vinip\\OneDrive\\Área de Trabalho\\Labeddit-Back-End\\tests\\mocks\\TokenManagerMock.ts","statementMap":{"0":{"start":{"line":1,"column":0},"end":{"line":1,"column":57}},"1":{"start":{"line":5,"column":11},"end":{"line":11,"column":null}},"2":{"start":{"line":6,"column":8},"end":{"line":10,"column":null}},"3":{"start":{"line":7,"column":12},"end":{"line":7,"column":null}},"4":{"start":{"line":9,"column":12},"end":{"line":9,"column":null}},"5":{"start":{"line":13,"column":11},"end":{"line":31,"column":null}},"6":{"start":{"line":14,"column":8},"end":{"line":30,"column":null}},"7":{"start":{"line":15,"column":12},"end":{"line":19,"column":null}},"8":{"start":{"line":21,"column":15},"end":{"line":30,"column":null}},"9":{"start":{"line":22,"column":12},"end":{"line":26,"column":null}},"10":{"start":{"line":29,"column":12},"end":{"line":29,"column":null}},"11":{"start":{"line":3,"column":0},"end":{"line":3,"column":13}}},"fnMap":{"0":{"name":"(anonymous_0)","decl":{"start":{"line":3,"column":0},"end":{"line":3,"column":13}},"loc":{"start":{"line":3,"column":0},"end":{"line":32,"column":1}}},"1":{"name":"(anonymous_1)","decl":{"start":{"line":5,"column":25},"end":{"line":5,"column":26}},"loc":{"start":{"line":5,"column":59},"end":{"line":11,"column":5}}},"2":{"name":"(anonymous_2)","decl":{"start":{"line":13,"column":24},"end":{"line":13,"column":25}},"loc":{"start":{"line":13,"column":63},"end":{"line":31,"column":5}}}},"branchMap":{"0":{"loc":{"start":{"line":6,"column":8},"end":{"line":10,"column":null}},"type":"if","locations":[{"start":{"line":6,"column":8},"end":{"line":10,"column":null}},{"start":{"line":8,"column":15},"end":{"line":10,"column":null}}]},"1":{"loc":{"start":{"line":14,"column":8},"end":{"line":30,"column":null}},"type":"if","locations":[{"start":{"line":14,"column":8},"end":{"line":30,"column":null}},{"start":{"line":21,"column":15},"end":{"line":30,"column":null}}]},"2":{"loc":{"start":{"line":21,"column":15},"end":{"line":30,"column":null}},"type":"if","locations":[{"start":{"line":21,"column":15},"end":{"line":30,"column":null}},{"start":{"line":28,"column":15},"end":{"line":30,"column":null}}]}},"s":{"0":2,"1":2,"2":3,"3":2,"4":1,"5":2,"6":0,"7":0,"8":0,"9":0,"10":0,"11":2},"f":{"0":2,"1":3,"2":0},"b":{"0":[2,1],"1":[0,0],"2":[0,0]}}
,"C:\\Users\\vinip\\OneDrive\\Área de Trabalho\\Labeddit-Back-End\\tests\\mocks\\UserDatabaseMock.ts": {"path":"C:\\Users\\vinip\\OneDrive\\Área de Trabalho\\Labeddit-Back-End\\tests\\mocks\\UserDatabaseMock.ts","statementMap":{"0":{"start":{"line":1,"column":0},"end":{"line":1,"column":62}},"1":{"start":{"line":2,"column":0},"end":{"line":2,"column":51}},"2":{"start":{"line":7,"column":11},"end":{"line":9,"column":null}},"3":{"start":{"line":7,"column":60},"end":{"line":9,"column":null}},"4":{"start":{"line":11,"column":11},"end":{"line":34,"column":null}},"5":{"start":{"line":11,"column":79},"end":{"line":34,"column":null}},"6":{"start":{"line":12,"column":8},"end":{"line":33,"column":null}},"7":{"start":{"line":14,"column":16},"end":{"line":21,"column":null}},"8":{"start":{"line":23,"column":16},"end":{"line":30,"column":null}},"9":{"start":{"line":32,"column":16},"end":{"line":32,"column":null}},"10":{"start":{"line":4,"column":0},"end":{"line":4,"column":13}},"11":{"start":{"line":5,"column":18},"end":{"line":5,"column":null}}},"fnMap":{"0":{"name":"(anonymous_7)","decl":{"start":{"line":4,"column":0},"end":{"line":4,"column":13}},"loc":{"start":{"line":4,"column":0},"end":{"line":37,"column":1}}},"1":{"name":"(anonymous_8)","decl":{"start":{"line":7,"column":20},"end":{"line":7,"column":27}},"loc":{"start":{"line":7,"column":60},"end":{"line":9,"column":null}}},"2":{"name":"(anonymous_9)","decl":{"start":{"line":7,"column":60},"end":{"line":7,"column":null}},"loc":{"start":{"line":7,"column":60},"end":{"line":9,"column":5}}},"3":{"name":"(anonymous_10)","decl":{"start":{"line":11,"column":25},"end":{"line":11,"column":32}},"loc":{"start":{"line":11,"column":79},"end":{"line":34,"column":null}}},"4":{"name":"(anonymous_11)","decl":{"start":{"line":11,"column":79},"end":{"line":11,"column":null}},"loc":{"start":{"line":11,"column":79},"end":{"line":34,"column":5}}}},"branchMap":{"0":{"loc":{"start":{"line":12,"column":8},"end":{"line":33,"column":null}},"type":"switch","locations":[{"start":{"line":13,"column":12},"end":{"line":21,"column":null}},{"start":{"line":22,"column":12},"end":{"line":30,"column":null}},{"start":{"line":31,"column":12},"end":{"line":32,"column":null}}]}},"s":{"0":2,"1":2,"2":2,"3":1,"4":2,"5":2,"6":2,"7":1,"8":1,"9":0,"10":2,"11":2},"f":{"0":2,"1":1,"2":1,"3":2,"4":2},"b":{"0":[1,1,0]}}
}
